<?xml version="1.0" encoding="UTF-8"?>
<testsuites name="jest tests" tests="9" failures="9" errors="0" time="6.514">
  <testsuite name="sample.test.js" errors="0" failures="1" skipped="0" timestamp="2023-09-27T12:07:26" time="5.802" tests="1">
    <testcase classname="Movie Form" name="should allow adding a new movie and editing an existing movie" time="4.772">
      <failure>Error: Objects are not valid as a React child (found: object with keys {flex, height, borderWidth, borderColor, paddingLeft, backgroundColor, borderRadius}). If you meant to render a collection of children, use an array instead.
    at throwOnInvalidObjectType (/home/hackerearth/Desktop/Expo/expo/node_modules/react-test-renderer/cjs/react-test-renderer.development.js:4980:9)
    at createChild (/home/hackerearth/Desktop/Expo/expo/node_modules/react-test-renderer/cjs/react-test-renderer.development.js:5232:7)
    at reconcileChildrenArray (/home/hackerearth/Desktop/Expo/expo/node_modules/react-test-renderer/cjs/react-test-renderer.development.js:5492:25)
    at reconcileChildFibers (/home/hackerearth/Desktop/Expo/expo/node_modules/react-test-renderer/cjs/react-test-renderer.development.js:5884:16)
    at reconcileChildren (/home/hackerearth/Desktop/Expo/expo/node_modules/react-test-renderer/cjs/react-test-renderer.development.js:9096:28)
    at updateHostComponent (/home/hackerearth/Desktop/Expo/expo/node_modules/react-test-renderer/cjs/react-test-renderer.development.js:9713:3)
    at beginWork (/home/hackerearth/Desktop/Expo/expo/node_modules/react-test-renderer/cjs/react-test-renderer.development.js:11343:14)
    at performUnitOfWork (/home/hackerearth/Desktop/Expo/expo/node_modules/react-test-renderer/cjs/react-test-renderer.development.js:15811:12)
    at workLoopSync (/home/hackerearth/Desktop/Expo/expo/node_modules/react-test-renderer/cjs/react-test-renderer.development.js:15745:5)
    at renderRootSync (/home/hackerearth/Desktop/Expo/expo/node_modules/react-test-renderer/cjs/react-test-renderer.development.js:15717:7)
    at performSyncWorkOnRoot (/home/hackerearth/Desktop/Expo/expo/node_modules/react-test-renderer/cjs/react-test-renderer.development.js:15422:20)
    at flushSyncCallbacks (/home/hackerearth/Desktop/Expo/expo/node_modules/react-test-renderer/cjs/react-test-renderer.development.js:2597:22)
    at flushActQueue (/home/hackerearth/Desktop/Expo/expo/node_modules/react/cjs/react.development.js:2667:24)
    at Object.act (/home/hackerearth/Desktop/Expo/expo/node_modules/react/cjs/react.development.js:2521:11)
    at act (/home/hackerearth/Desktop/Expo/expo/node_modules/@testing-library/react-native/src/render-act.ts:13:16)
    at renderInternal (/home/hackerearth/Desktop/Expo/expo/node_modules/@testing-library/react-native/src/render.tsx:62:33)
    at renderInternal (/home/hackerearth/Desktop/Expo/expo/node_modules/@testing-library/react-native/src/render.tsx:32:10)
    at Object.&lt;anonymous&gt; (/home/hackerearth/Desktop/Expo/expo/sample.test.js:7:70)
    at Generator.next (&lt;anonymous&gt;)
    at asyncGeneratorStep (/home/hackerearth/Desktop/Expo/expo/node_modules/@babel/runtime/helpers/asyncToGenerator.js:3:24)
    at _next (/home/hackerearth/Desktop/Expo/expo/node_modules/@babel/runtime/helpers/asyncToGenerator.js:22:9)
    at /home/hackerearth/Desktop/Expo/expo/node_modules/@babel/runtime/helpers/asyncToGenerator.js:27:7
    at new Promise (&lt;anonymous&gt;)
    at Object.&lt;anonymous&gt; (/home/hackerearth/Desktop/Expo/expo/node_modules/@babel/runtime/helpers/asyncToGenerator.js:19:12)
    at Promise.then.completed (/home/hackerearth/Desktop/Expo/expo/node_modules/jest-circus/build/utils.js:298:28)
    at new Promise (&lt;anonymous&gt;)
    at callAsyncCircusFn (/home/hackerearth/Desktop/Expo/expo/node_modules/jest-circus/build/utils.js:231:10)
    at _callCircusTest (/home/hackerearth/Desktop/Expo/expo/node_modules/jest-circus/build/run.js:316:40)
    at processTicksAndRejections (node:internal/process/task_queues:96:5)
    at _runTest (/home/hackerearth/Desktop/Expo/expo/node_modules/jest-circus/build/run.js:252:3)
    at _runTestsForDescribeBlock (/home/hackerearth/Desktop/Expo/expo/node_modules/jest-circus/build/run.js:126:9)
    at _runTestsForDescribeBlock (/home/hackerearth/Desktop/Expo/expo/node_modules/jest-circus/build/run.js:121:9)
    at run (/home/hackerearth/Desktop/Expo/expo/node_modules/jest-circus/build/run.js:71:3)
    at runAndTransformResultsToJestFormat (/home/hackerearth/Desktop/Expo/expo/node_modules/jest-circus/build/legacy-code-todo-rewrite/jestAdapterInit.js:122:21)
    at jestAdapter (/home/hackerearth/Desktop/Expo/expo/node_modules/jest-circus/build/legacy-code-todo-rewrite/jestAdapter.js:79:19)
    at runTestInternal (/home/hackerearth/Desktop/Expo/expo/node_modules/jest-runner/build/runTest.js:367:16)
    at runTest (/home/hackerearth/Desktop/Expo/expo/node_modules/jest-runner/build/runTest.js:444:34)
    at Object.worker (/home/hackerearth/Desktop/Expo/expo/node_modules/jest-runner/build/testWorker.js:106:12)</failure>
    </testcase>
  </testsuite>
  <testsuite name="main.test.js" errors="0" failures="8" skipped="0" timestamp="2023-09-27T12:07:26" time="5.974" tests="8">
    <testcase classname="" name="Adding a movie" time="4.776">
      <failure>Error: Objects are not valid as a React child (found: object with keys {flex, height, borderWidth, borderColor, paddingLeft, backgroundColor, borderRadius}). If you meant to render a collection of children, use an array instead.
    at throwOnInvalidObjectType (/home/hackerearth/Desktop/Expo/expo/node_modules/react-test-renderer/cjs/react-test-renderer.development.js:4980:9)
    at createChild (/home/hackerearth/Desktop/Expo/expo/node_modules/react-test-renderer/cjs/react-test-renderer.development.js:5232:7)
    at reconcileChildrenArray (/home/hackerearth/Desktop/Expo/expo/node_modules/react-test-renderer/cjs/react-test-renderer.development.js:5492:25)
    at reconcileChildFibers (/home/hackerearth/Desktop/Expo/expo/node_modules/react-test-renderer/cjs/react-test-renderer.development.js:5884:16)
    at reconcileChildren (/home/hackerearth/Desktop/Expo/expo/node_modules/react-test-renderer/cjs/react-test-renderer.development.js:9096:28)
    at updateHostComponent (/home/hackerearth/Desktop/Expo/expo/node_modules/react-test-renderer/cjs/react-test-renderer.development.js:9713:3)
    at beginWork (/home/hackerearth/Desktop/Expo/expo/node_modules/react-test-renderer/cjs/react-test-renderer.development.js:11343:14)
    at performUnitOfWork (/home/hackerearth/Desktop/Expo/expo/node_modules/react-test-renderer/cjs/react-test-renderer.development.js:15811:12)
    at workLoopSync (/home/hackerearth/Desktop/Expo/expo/node_modules/react-test-renderer/cjs/react-test-renderer.development.js:15745:5)
    at renderRootSync (/home/hackerearth/Desktop/Expo/expo/node_modules/react-test-renderer/cjs/react-test-renderer.development.js:15717:7)
    at performSyncWorkOnRoot (/home/hackerearth/Desktop/Expo/expo/node_modules/react-test-renderer/cjs/react-test-renderer.development.js:15422:20)
    at flushSyncCallbacks (/home/hackerearth/Desktop/Expo/expo/node_modules/react-test-renderer/cjs/react-test-renderer.development.js:2597:22)
    at flushActQueue (/home/hackerearth/Desktop/Expo/expo/node_modules/react/cjs/react.development.js:2667:24)
    at Object.act (/home/hackerearth/Desktop/Expo/expo/node_modules/react/cjs/react.development.js:2521:11)
    at act (/home/hackerearth/Desktop/Expo/expo/node_modules/@testing-library/react-native/src/render-act.ts:13:16)
    at renderInternal (/home/hackerearth/Desktop/Expo/expo/node_modules/@testing-library/react-native/src/render.tsx:62:33)
    at renderInternal (/home/hackerearth/Desktop/Expo/expo/node_modules/@testing-library/react-native/src/render.tsx:32:10)
    at Object.&lt;anonymous&gt; (/home/hackerearth/Desktop/Expo/expo/main.test.js:6:55)
    at Promise.then.completed (/home/hackerearth/Desktop/Expo/expo/node_modules/jest-circus/build/utils.js:298:28)
    at new Promise (&lt;anonymous&gt;)
    at callAsyncCircusFn (/home/hackerearth/Desktop/Expo/expo/node_modules/jest-circus/build/utils.js:231:10)
    at _callCircusTest (/home/hackerearth/Desktop/Expo/expo/node_modules/jest-circus/build/run.js:316:40)
    at processTicksAndRejections (node:internal/process/task_queues:96:5)
    at _runTest (/home/hackerearth/Desktop/Expo/expo/node_modules/jest-circus/build/run.js:252:3)
    at _runTestsForDescribeBlock (/home/hackerearth/Desktop/Expo/expo/node_modules/jest-circus/build/run.js:126:9)
    at run (/home/hackerearth/Desktop/Expo/expo/node_modules/jest-circus/build/run.js:71:3)
    at runAndTransformResultsToJestFormat (/home/hackerearth/Desktop/Expo/expo/node_modules/jest-circus/build/legacy-code-todo-rewrite/jestAdapterInit.js:122:21)
    at jestAdapter (/home/hackerearth/Desktop/Expo/expo/node_modules/jest-circus/build/legacy-code-todo-rewrite/jestAdapter.js:79:19)
    at runTestInternal (/home/hackerearth/Desktop/Expo/expo/node_modules/jest-runner/build/runTest.js:367:16)
    at runTest (/home/hackerearth/Desktop/Expo/expo/node_modules/jest-runner/build/runTest.js:444:34)
    at Object.worker (/home/hackerearth/Desktop/Expo/expo/node_modules/jest-runner/build/testWorker.js:106:12)</failure>
    </testcase>
    <testcase classname="" name="Editing a movie" time="0.019">
      <failure>Error: Objects are not valid as a React child (found: object with keys {flex, height, borderWidth, borderColor, paddingLeft, backgroundColor, borderRadius}). If you meant to render a collection of children, use an array instead.
    at throwOnInvalidObjectType (/home/hackerearth/Desktop/Expo/expo/node_modules/react-test-renderer/cjs/react-test-renderer.development.js:4980:9)
    at createChild (/home/hackerearth/Desktop/Expo/expo/node_modules/react-test-renderer/cjs/react-test-renderer.development.js:5232:7)
    at reconcileChildrenArray (/home/hackerearth/Desktop/Expo/expo/node_modules/react-test-renderer/cjs/react-test-renderer.development.js:5492:25)
    at reconcileChildFibers (/home/hackerearth/Desktop/Expo/expo/node_modules/react-test-renderer/cjs/react-test-renderer.development.js:5884:16)
    at reconcileChildren (/home/hackerearth/Desktop/Expo/expo/node_modules/react-test-renderer/cjs/react-test-renderer.development.js:9096:28)
    at updateHostComponent (/home/hackerearth/Desktop/Expo/expo/node_modules/react-test-renderer/cjs/react-test-renderer.development.js:9713:3)
    at beginWork (/home/hackerearth/Desktop/Expo/expo/node_modules/react-test-renderer/cjs/react-test-renderer.development.js:11343:14)
    at performUnitOfWork (/home/hackerearth/Desktop/Expo/expo/node_modules/react-test-renderer/cjs/react-test-renderer.development.js:15811:12)
    at workLoopSync (/home/hackerearth/Desktop/Expo/expo/node_modules/react-test-renderer/cjs/react-test-renderer.development.js:15745:5)
    at renderRootSync (/home/hackerearth/Desktop/Expo/expo/node_modules/react-test-renderer/cjs/react-test-renderer.development.js:15717:7)
    at performSyncWorkOnRoot (/home/hackerearth/Desktop/Expo/expo/node_modules/react-test-renderer/cjs/react-test-renderer.development.js:15422:20)
    at flushSyncCallbacks (/home/hackerearth/Desktop/Expo/expo/node_modules/react-test-renderer/cjs/react-test-renderer.development.js:2597:22)
    at flushActQueue (/home/hackerearth/Desktop/Expo/expo/node_modules/react/cjs/react.development.js:2667:24)
    at Object.act (/home/hackerearth/Desktop/Expo/expo/node_modules/react/cjs/react.development.js:2521:11)
    at act (/home/hackerearth/Desktop/Expo/expo/node_modules/@testing-library/react-native/src/render-act.ts:13:16)
    at renderInternal (/home/hackerearth/Desktop/Expo/expo/node_modules/@testing-library/react-native/src/render.tsx:62:33)
    at renderInternal (/home/hackerearth/Desktop/Expo/expo/node_modules/@testing-library/react-native/src/render.tsx:32:10)
    at Object.&lt;anonymous&gt; (/home/hackerearth/Desktop/Expo/expo/main.test.js:20:55)
    at Promise.then.completed (/home/hackerearth/Desktop/Expo/expo/node_modules/jest-circus/build/utils.js:298:28)
    at new Promise (&lt;anonymous&gt;)
    at callAsyncCircusFn (/home/hackerearth/Desktop/Expo/expo/node_modules/jest-circus/build/utils.js:231:10)
    at _callCircusTest (/home/hackerearth/Desktop/Expo/expo/node_modules/jest-circus/build/run.js:316:40)
    at _runTest (/home/hackerearth/Desktop/Expo/expo/node_modules/jest-circus/build/run.js:252:3)
    at _runTestsForDescribeBlock (/home/hackerearth/Desktop/Expo/expo/node_modules/jest-circus/build/run.js:126:9)
    at run (/home/hackerearth/Desktop/Expo/expo/node_modules/jest-circus/build/run.js:71:3)
    at runAndTransformResultsToJestFormat (/home/hackerearth/Desktop/Expo/expo/node_modules/jest-circus/build/legacy-code-todo-rewrite/jestAdapterInit.js:122:21)
    at jestAdapter (/home/hackerearth/Desktop/Expo/expo/node_modules/jest-circus/build/legacy-code-todo-rewrite/jestAdapter.js:79:19)
    at runTestInternal (/home/hackerearth/Desktop/Expo/expo/node_modules/jest-runner/build/runTest.js:367:16)
    at runTest (/home/hackerearth/Desktop/Expo/expo/node_modules/jest-runner/build/runTest.js:444:34)
    at Object.worker (/home/hackerearth/Desktop/Expo/expo/node_modules/jest-runner/build/testWorker.js:106:12)</failure>
    </testcase>
    <testcase classname="" name="Removing a movie" time="0.012">
      <failure>Error: Objects are not valid as a React child (found: object with keys {flex, height, borderWidth, borderColor, paddingLeft, backgroundColor, borderRadius}). If you meant to render a collection of children, use an array instead.
    at throwOnInvalidObjectType (/home/hackerearth/Desktop/Expo/expo/node_modules/react-test-renderer/cjs/react-test-renderer.development.js:4980:9)
    at createChild (/home/hackerearth/Desktop/Expo/expo/node_modules/react-test-renderer/cjs/react-test-renderer.development.js:5232:7)
    at reconcileChildrenArray (/home/hackerearth/Desktop/Expo/expo/node_modules/react-test-renderer/cjs/react-test-renderer.development.js:5492:25)
    at reconcileChildFibers (/home/hackerearth/Desktop/Expo/expo/node_modules/react-test-renderer/cjs/react-test-renderer.development.js:5884:16)
    at reconcileChildren (/home/hackerearth/Desktop/Expo/expo/node_modules/react-test-renderer/cjs/react-test-renderer.development.js:9096:28)
    at updateHostComponent (/home/hackerearth/Desktop/Expo/expo/node_modules/react-test-renderer/cjs/react-test-renderer.development.js:9713:3)
    at beginWork (/home/hackerearth/Desktop/Expo/expo/node_modules/react-test-renderer/cjs/react-test-renderer.development.js:11343:14)
    at performUnitOfWork (/home/hackerearth/Desktop/Expo/expo/node_modules/react-test-renderer/cjs/react-test-renderer.development.js:15811:12)
    at workLoopSync (/home/hackerearth/Desktop/Expo/expo/node_modules/react-test-renderer/cjs/react-test-renderer.development.js:15745:5)
    at renderRootSync (/home/hackerearth/Desktop/Expo/expo/node_modules/react-test-renderer/cjs/react-test-renderer.development.js:15717:7)
    at performSyncWorkOnRoot (/home/hackerearth/Desktop/Expo/expo/node_modules/react-test-renderer/cjs/react-test-renderer.development.js:15422:20)
    at flushSyncCallbacks (/home/hackerearth/Desktop/Expo/expo/node_modules/react-test-renderer/cjs/react-test-renderer.development.js:2597:22)
    at flushActQueue (/home/hackerearth/Desktop/Expo/expo/node_modules/react/cjs/react.development.js:2667:24)
    at Object.act (/home/hackerearth/Desktop/Expo/expo/node_modules/react/cjs/react.development.js:2521:11)
    at act (/home/hackerearth/Desktop/Expo/expo/node_modules/@testing-library/react-native/src/render-act.ts:13:16)
    at renderInternal (/home/hackerearth/Desktop/Expo/expo/node_modules/@testing-library/react-native/src/render.tsx:62:33)
    at renderInternal (/home/hackerearth/Desktop/Expo/expo/node_modules/@testing-library/react-native/src/render.tsx:32:10)
    at Object.&lt;anonymous&gt; (/home/hackerearth/Desktop/Expo/expo/main.test.js:40:68)
    at Promise.then.completed (/home/hackerearth/Desktop/Expo/expo/node_modules/jest-circus/build/utils.js:298:28)
    at new Promise (&lt;anonymous&gt;)
    at callAsyncCircusFn (/home/hackerearth/Desktop/Expo/expo/node_modules/jest-circus/build/utils.js:231:10)
    at _callCircusTest (/home/hackerearth/Desktop/Expo/expo/node_modules/jest-circus/build/run.js:316:40)
    at _runTest (/home/hackerearth/Desktop/Expo/expo/node_modules/jest-circus/build/run.js:252:3)
    at _runTestsForDescribeBlock (/home/hackerearth/Desktop/Expo/expo/node_modules/jest-circus/build/run.js:126:9)
    at run (/home/hackerearth/Desktop/Expo/expo/node_modules/jest-circus/build/run.js:71:3)
    at runAndTransformResultsToJestFormat (/home/hackerearth/Desktop/Expo/expo/node_modules/jest-circus/build/legacy-code-todo-rewrite/jestAdapterInit.js:122:21)
    at jestAdapter (/home/hackerearth/Desktop/Expo/expo/node_modules/jest-circus/build/legacy-code-todo-rewrite/jestAdapter.js:79:19)
    at runTestInternal (/home/hackerearth/Desktop/Expo/expo/node_modules/jest-runner/build/runTest.js:367:16)
    at runTest (/home/hackerearth/Desktop/Expo/expo/node_modules/jest-runner/build/runTest.js:444:34)
    at Object.worker (/home/hackerearth/Desktop/Expo/expo/node_modules/jest-runner/build/testWorker.js:106:12)</failure>
    </testcase>
    <testcase classname="" name="Searching for a movie" time="0.012">
      <failure>Error: Objects are not valid as a React child (found: object with keys {flex, height, borderWidth, borderColor, paddingLeft, backgroundColor, borderRadius}). If you meant to render a collection of children, use an array instead.
    at throwOnInvalidObjectType (/home/hackerearth/Desktop/Expo/expo/node_modules/react-test-renderer/cjs/react-test-renderer.development.js:4980:9)
    at createChild (/home/hackerearth/Desktop/Expo/expo/node_modules/react-test-renderer/cjs/react-test-renderer.development.js:5232:7)
    at reconcileChildrenArray (/home/hackerearth/Desktop/Expo/expo/node_modules/react-test-renderer/cjs/react-test-renderer.development.js:5492:25)
    at reconcileChildFibers (/home/hackerearth/Desktop/Expo/expo/node_modules/react-test-renderer/cjs/react-test-renderer.development.js:5884:16)
    at reconcileChildren (/home/hackerearth/Desktop/Expo/expo/node_modules/react-test-renderer/cjs/react-test-renderer.development.js:9096:28)
    at updateHostComponent (/home/hackerearth/Desktop/Expo/expo/node_modules/react-test-renderer/cjs/react-test-renderer.development.js:9713:3)
    at beginWork (/home/hackerearth/Desktop/Expo/expo/node_modules/react-test-renderer/cjs/react-test-renderer.development.js:11343:14)
    at performUnitOfWork (/home/hackerearth/Desktop/Expo/expo/node_modules/react-test-renderer/cjs/react-test-renderer.development.js:15811:12)
    at workLoopSync (/home/hackerearth/Desktop/Expo/expo/node_modules/react-test-renderer/cjs/react-test-renderer.development.js:15745:5)
    at renderRootSync (/home/hackerearth/Desktop/Expo/expo/node_modules/react-test-renderer/cjs/react-test-renderer.development.js:15717:7)
    at performSyncWorkOnRoot (/home/hackerearth/Desktop/Expo/expo/node_modules/react-test-renderer/cjs/react-test-renderer.development.js:15422:20)
    at flushSyncCallbacks (/home/hackerearth/Desktop/Expo/expo/node_modules/react-test-renderer/cjs/react-test-renderer.development.js:2597:22)
    at flushActQueue (/home/hackerearth/Desktop/Expo/expo/node_modules/react/cjs/react.development.js:2667:24)
    at Object.act (/home/hackerearth/Desktop/Expo/expo/node_modules/react/cjs/react.development.js:2521:11)
    at act (/home/hackerearth/Desktop/Expo/expo/node_modules/@testing-library/react-native/src/render-act.ts:13:16)
    at renderInternal (/home/hackerearth/Desktop/Expo/expo/node_modules/@testing-library/react-native/src/render.tsx:62:33)
    at renderInternal (/home/hackerearth/Desktop/Expo/expo/node_modules/@testing-library/react-native/src/render.tsx:32:10)
    at Object.&lt;anonymous&gt; (/home/hackerearth/Desktop/Expo/expo/main.test.js:57:55)
    at Promise.then.completed (/home/hackerearth/Desktop/Expo/expo/node_modules/jest-circus/build/utils.js:298:28)
    at new Promise (&lt;anonymous&gt;)
    at callAsyncCircusFn (/home/hackerearth/Desktop/Expo/expo/node_modules/jest-circus/build/utils.js:231:10)
    at _callCircusTest (/home/hackerearth/Desktop/Expo/expo/node_modules/jest-circus/build/run.js:316:40)
    at _runTest (/home/hackerearth/Desktop/Expo/expo/node_modules/jest-circus/build/run.js:252:3)
    at _runTestsForDescribeBlock (/home/hackerearth/Desktop/Expo/expo/node_modules/jest-circus/build/run.js:126:9)
    at run (/home/hackerearth/Desktop/Expo/expo/node_modules/jest-circus/build/run.js:71:3)
    at runAndTransformResultsToJestFormat (/home/hackerearth/Desktop/Expo/expo/node_modules/jest-circus/build/legacy-code-todo-rewrite/jestAdapterInit.js:122:21)
    at jestAdapter (/home/hackerearth/Desktop/Expo/expo/node_modules/jest-circus/build/legacy-code-todo-rewrite/jestAdapter.js:79:19)
    at runTestInternal (/home/hackerearth/Desktop/Expo/expo/node_modules/jest-runner/build/runTest.js:367:16)
    at runTest (/home/hackerearth/Desktop/Expo/expo/node_modules/jest-runner/build/runTest.js:444:34)
    at Object.worker (/home/hackerearth/Desktop/Expo/expo/node_modules/jest-runner/build/testWorker.js:106:12)</failure>
    </testcase>
    <testcase classname="" name="Sorting movies by title" time="0.014">
      <failure>Error: Objects are not valid as a React child (found: object with keys {flex, height, borderWidth, borderColor, paddingLeft, backgroundColor, borderRadius}). If you meant to render a collection of children, use an array instead.
    at throwOnInvalidObjectType (/home/hackerearth/Desktop/Expo/expo/node_modules/react-test-renderer/cjs/react-test-renderer.development.js:4980:9)
    at createChild (/home/hackerearth/Desktop/Expo/expo/node_modules/react-test-renderer/cjs/react-test-renderer.development.js:5232:7)
    at reconcileChildrenArray (/home/hackerearth/Desktop/Expo/expo/node_modules/react-test-renderer/cjs/react-test-renderer.development.js:5492:25)
    at reconcileChildFibers (/home/hackerearth/Desktop/Expo/expo/node_modules/react-test-renderer/cjs/react-test-renderer.development.js:5884:16)
    at reconcileChildren (/home/hackerearth/Desktop/Expo/expo/node_modules/react-test-renderer/cjs/react-test-renderer.development.js:9096:28)
    at updateHostComponent (/home/hackerearth/Desktop/Expo/expo/node_modules/react-test-renderer/cjs/react-test-renderer.development.js:9713:3)
    at beginWork (/home/hackerearth/Desktop/Expo/expo/node_modules/react-test-renderer/cjs/react-test-renderer.development.js:11343:14)
    at performUnitOfWork (/home/hackerearth/Desktop/Expo/expo/node_modules/react-test-renderer/cjs/react-test-renderer.development.js:15811:12)
    at workLoopSync (/home/hackerearth/Desktop/Expo/expo/node_modules/react-test-renderer/cjs/react-test-renderer.development.js:15745:5)
    at renderRootSync (/home/hackerearth/Desktop/Expo/expo/node_modules/react-test-renderer/cjs/react-test-renderer.development.js:15717:7)
    at performSyncWorkOnRoot (/home/hackerearth/Desktop/Expo/expo/node_modules/react-test-renderer/cjs/react-test-renderer.development.js:15422:20)
    at flushSyncCallbacks (/home/hackerearth/Desktop/Expo/expo/node_modules/react-test-renderer/cjs/react-test-renderer.development.js:2597:22)
    at flushActQueue (/home/hackerearth/Desktop/Expo/expo/node_modules/react/cjs/react.development.js:2667:24)
    at Object.act (/home/hackerearth/Desktop/Expo/expo/node_modules/react/cjs/react.development.js:2521:11)
    at act (/home/hackerearth/Desktop/Expo/expo/node_modules/@testing-library/react-native/src/render-act.ts:13:16)
    at renderInternal (/home/hackerearth/Desktop/Expo/expo/node_modules/@testing-library/react-native/src/render.tsx:62:33)
    at renderInternal (/home/hackerearth/Desktop/Expo/expo/node_modules/@testing-library/react-native/src/render.tsx:32:10)
    at Object.&lt;anonymous&gt; (/home/hackerearth/Desktop/Expo/expo/main.test.js:79:68)
    at Promise.then.completed (/home/hackerearth/Desktop/Expo/expo/node_modules/jest-circus/build/utils.js:298:28)
    at new Promise (&lt;anonymous&gt;)
    at callAsyncCircusFn (/home/hackerearth/Desktop/Expo/expo/node_modules/jest-circus/build/utils.js:231:10)
    at _callCircusTest (/home/hackerearth/Desktop/Expo/expo/node_modules/jest-circus/build/run.js:316:40)
    at _runTest (/home/hackerearth/Desktop/Expo/expo/node_modules/jest-circus/build/run.js:252:3)
    at _runTestsForDescribeBlock (/home/hackerearth/Desktop/Expo/expo/node_modules/jest-circus/build/run.js:126:9)
    at run (/home/hackerearth/Desktop/Expo/expo/node_modules/jest-circus/build/run.js:71:3)
    at runAndTransformResultsToJestFormat (/home/hackerearth/Desktop/Expo/expo/node_modules/jest-circus/build/legacy-code-todo-rewrite/jestAdapterInit.js:122:21)
    at jestAdapter (/home/hackerearth/Desktop/Expo/expo/node_modules/jest-circus/build/legacy-code-todo-rewrite/jestAdapter.js:79:19)
    at runTestInternal (/home/hackerearth/Desktop/Expo/expo/node_modules/jest-runner/build/runTest.js:367:16)
    at runTest (/home/hackerearth/Desktop/Expo/expo/node_modules/jest-runner/build/runTest.js:444:34)
    at Object.worker (/home/hackerearth/Desktop/Expo/expo/node_modules/jest-runner/build/testWorker.js:106:12)</failure>
    </testcase>
    <testcase classname="" name="Editing and saving a movie" time="0.014">
      <failure>Error: Objects are not valid as a React child (found: object with keys {flex, height, borderWidth, borderColor, paddingLeft, backgroundColor, borderRadius}). If you meant to render a collection of children, use an array instead.
    at throwOnInvalidObjectType (/home/hackerearth/Desktop/Expo/expo/node_modules/react-test-renderer/cjs/react-test-renderer.development.js:4980:9)
    at createChild (/home/hackerearth/Desktop/Expo/expo/node_modules/react-test-renderer/cjs/react-test-renderer.development.js:5232:7)
    at reconcileChildrenArray (/home/hackerearth/Desktop/Expo/expo/node_modules/react-test-renderer/cjs/react-test-renderer.development.js:5492:25)
    at reconcileChildFibers (/home/hackerearth/Desktop/Expo/expo/node_modules/react-test-renderer/cjs/react-test-renderer.development.js:5884:16)
    at reconcileChildren (/home/hackerearth/Desktop/Expo/expo/node_modules/react-test-renderer/cjs/react-test-renderer.development.js:9096:28)
    at updateHostComponent (/home/hackerearth/Desktop/Expo/expo/node_modules/react-test-renderer/cjs/react-test-renderer.development.js:9713:3)
    at beginWork (/home/hackerearth/Desktop/Expo/expo/node_modules/react-test-renderer/cjs/react-test-renderer.development.js:11343:14)
    at performUnitOfWork (/home/hackerearth/Desktop/Expo/expo/node_modules/react-test-renderer/cjs/react-test-renderer.development.js:15811:12)
    at workLoopSync (/home/hackerearth/Desktop/Expo/expo/node_modules/react-test-renderer/cjs/react-test-renderer.development.js:15745:5)
    at renderRootSync (/home/hackerearth/Desktop/Expo/expo/node_modules/react-test-renderer/cjs/react-test-renderer.development.js:15717:7)
    at performSyncWorkOnRoot (/home/hackerearth/Desktop/Expo/expo/node_modules/react-test-renderer/cjs/react-test-renderer.development.js:15422:20)
    at flushSyncCallbacks (/home/hackerearth/Desktop/Expo/expo/node_modules/react-test-renderer/cjs/react-test-renderer.development.js:2597:22)
    at flushActQueue (/home/hackerearth/Desktop/Expo/expo/node_modules/react/cjs/react.development.js:2667:24)
    at Object.act (/home/hackerearth/Desktop/Expo/expo/node_modules/react/cjs/react.development.js:2521:11)
    at act (/home/hackerearth/Desktop/Expo/expo/node_modules/@testing-library/react-native/src/render-act.ts:13:16)
    at renderInternal (/home/hackerearth/Desktop/Expo/expo/node_modules/@testing-library/react-native/src/render.tsx:62:33)
    at renderInternal (/home/hackerearth/Desktop/Expo/expo/node_modules/@testing-library/react-native/src/render.tsx:32:10)
    at Object.&lt;anonymous&gt; (/home/hackerearth/Desktop/Expo/expo/main.test.js:130:55)
    at Promise.then.completed (/home/hackerearth/Desktop/Expo/expo/node_modules/jest-circus/build/utils.js:298:28)
    at new Promise (&lt;anonymous&gt;)
    at callAsyncCircusFn (/home/hackerearth/Desktop/Expo/expo/node_modules/jest-circus/build/utils.js:231:10)
    at _callCircusTest (/home/hackerearth/Desktop/Expo/expo/node_modules/jest-circus/build/run.js:316:40)
    at _runTest (/home/hackerearth/Desktop/Expo/expo/node_modules/jest-circus/build/run.js:252:3)
    at _runTestsForDescribeBlock (/home/hackerearth/Desktop/Expo/expo/node_modules/jest-circus/build/run.js:126:9)
    at run (/home/hackerearth/Desktop/Expo/expo/node_modules/jest-circus/build/run.js:71:3)
    at runAndTransformResultsToJestFormat (/home/hackerearth/Desktop/Expo/expo/node_modules/jest-circus/build/legacy-code-todo-rewrite/jestAdapterInit.js:122:21)
    at jestAdapter (/home/hackerearth/Desktop/Expo/expo/node_modules/jest-circus/build/legacy-code-todo-rewrite/jestAdapter.js:79:19)
    at runTestInternal (/home/hackerearth/Desktop/Expo/expo/node_modules/jest-runner/build/runTest.js:367:16)
    at runTest (/home/hackerearth/Desktop/Expo/expo/node_modules/jest-runner/build/runTest.js:444:34)
    at Object.worker (/home/hackerearth/Desktop/Expo/expo/node_modules/jest-runner/build/testWorker.js:106:12)</failure>
    </testcase>
    <testcase classname="" name="Toggle Sort Order" time="0.008">
      <failure>Error: Objects are not valid as a React child (found: object with keys {flex, height, borderWidth, borderColor, paddingLeft, backgroundColor, borderRadius}). If you meant to render a collection of children, use an array instead.
    at throwOnInvalidObjectType (/home/hackerearth/Desktop/Expo/expo/node_modules/react-test-renderer/cjs/react-test-renderer.development.js:4980:9)
    at createChild (/home/hackerearth/Desktop/Expo/expo/node_modules/react-test-renderer/cjs/react-test-renderer.development.js:5232:7)
    at reconcileChildrenArray (/home/hackerearth/Desktop/Expo/expo/node_modules/react-test-renderer/cjs/react-test-renderer.development.js:5492:25)
    at reconcileChildFibers (/home/hackerearth/Desktop/Expo/expo/node_modules/react-test-renderer/cjs/react-test-renderer.development.js:5884:16)
    at reconcileChildren (/home/hackerearth/Desktop/Expo/expo/node_modules/react-test-renderer/cjs/react-test-renderer.development.js:9096:28)
    at updateHostComponent (/home/hackerearth/Desktop/Expo/expo/node_modules/react-test-renderer/cjs/react-test-renderer.development.js:9713:3)
    at beginWork (/home/hackerearth/Desktop/Expo/expo/node_modules/react-test-renderer/cjs/react-test-renderer.development.js:11343:14)
    at performUnitOfWork (/home/hackerearth/Desktop/Expo/expo/node_modules/react-test-renderer/cjs/react-test-renderer.development.js:15811:12)
    at workLoopSync (/home/hackerearth/Desktop/Expo/expo/node_modules/react-test-renderer/cjs/react-test-renderer.development.js:15745:5)
    at renderRootSync (/home/hackerearth/Desktop/Expo/expo/node_modules/react-test-renderer/cjs/react-test-renderer.development.js:15717:7)
    at performSyncWorkOnRoot (/home/hackerearth/Desktop/Expo/expo/node_modules/react-test-renderer/cjs/react-test-renderer.development.js:15422:20)
    at flushSyncCallbacks (/home/hackerearth/Desktop/Expo/expo/node_modules/react-test-renderer/cjs/react-test-renderer.development.js:2597:22)
    at flushActQueue (/home/hackerearth/Desktop/Expo/expo/node_modules/react/cjs/react.development.js:2667:24)
    at Object.act (/home/hackerearth/Desktop/Expo/expo/node_modules/react/cjs/react.development.js:2521:11)
    at act (/home/hackerearth/Desktop/Expo/expo/node_modules/@testing-library/react-native/src/render-act.ts:13:16)
    at renderInternal (/home/hackerearth/Desktop/Expo/expo/node_modules/@testing-library/react-native/src/render.tsx:62:33)
    at renderInternal (/home/hackerearth/Desktop/Expo/expo/node_modules/@testing-library/react-native/src/render.tsx:32:10)
    at Object.&lt;anonymous&gt; (/home/hackerearth/Desktop/Expo/expo/main.test.js:162:35)
    at Promise.then.completed (/home/hackerearth/Desktop/Expo/expo/node_modules/jest-circus/build/utils.js:298:28)
    at new Promise (&lt;anonymous&gt;)
    at callAsyncCircusFn (/home/hackerearth/Desktop/Expo/expo/node_modules/jest-circus/build/utils.js:231:10)
    at _callCircusTest (/home/hackerearth/Desktop/Expo/expo/node_modules/jest-circus/build/run.js:316:40)
    at _runTest (/home/hackerearth/Desktop/Expo/expo/node_modules/jest-circus/build/run.js:252:3)
    at _runTestsForDescribeBlock (/home/hackerearth/Desktop/Expo/expo/node_modules/jest-circus/build/run.js:126:9)
    at run (/home/hackerearth/Desktop/Expo/expo/node_modules/jest-circus/build/run.js:71:3)
    at runAndTransformResultsToJestFormat (/home/hackerearth/Desktop/Expo/expo/node_modules/jest-circus/build/legacy-code-todo-rewrite/jestAdapterInit.js:122:21)
    at jestAdapter (/home/hackerearth/Desktop/Expo/expo/node_modules/jest-circus/build/legacy-code-todo-rewrite/jestAdapter.js:79:19)
    at runTestInternal (/home/hackerearth/Desktop/Expo/expo/node_modules/jest-runner/build/runTest.js:367:16)
    at runTest (/home/hackerearth/Desktop/Expo/expo/node_modules/jest-runner/build/runTest.js:444:34)
    at Object.worker (/home/hackerearth/Desktop/Expo/expo/node_modules/jest-runner/build/testWorker.js:106:12)</failure>
    </testcase>
    <testcase classname="Movie Form" name="should allow adding a new movie and editing an existing movie" time="0.012">
      <failure>Error: Objects are not valid as a React child (found: object with keys {flex, height, borderWidth, borderColor, paddingLeft, backgroundColor, borderRadius}). If you meant to render a collection of children, use an array instead.
    at throwOnInvalidObjectType (/home/hackerearth/Desktop/Expo/expo/node_modules/react-test-renderer/cjs/react-test-renderer.development.js:4980:9)
    at createChild (/home/hackerearth/Desktop/Expo/expo/node_modules/react-test-renderer/cjs/react-test-renderer.development.js:5232:7)
    at reconcileChildrenArray (/home/hackerearth/Desktop/Expo/expo/node_modules/react-test-renderer/cjs/react-test-renderer.development.js:5492:25)
    at reconcileChildFibers (/home/hackerearth/Desktop/Expo/expo/node_modules/react-test-renderer/cjs/react-test-renderer.development.js:5884:16)
    at reconcileChildren (/home/hackerearth/Desktop/Expo/expo/node_modules/react-test-renderer/cjs/react-test-renderer.development.js:9096:28)
    at updateHostComponent (/home/hackerearth/Desktop/Expo/expo/node_modules/react-test-renderer/cjs/react-test-renderer.development.js:9713:3)
    at beginWork (/home/hackerearth/Desktop/Expo/expo/node_modules/react-test-renderer/cjs/react-test-renderer.development.js:11343:14)
    at performUnitOfWork (/home/hackerearth/Desktop/Expo/expo/node_modules/react-test-renderer/cjs/react-test-renderer.development.js:15811:12)
    at workLoopSync (/home/hackerearth/Desktop/Expo/expo/node_modules/react-test-renderer/cjs/react-test-renderer.development.js:15745:5)
    at renderRootSync (/home/hackerearth/Desktop/Expo/expo/node_modules/react-test-renderer/cjs/react-test-renderer.development.js:15717:7)
    at performSyncWorkOnRoot (/home/hackerearth/Desktop/Expo/expo/node_modules/react-test-renderer/cjs/react-test-renderer.development.js:15422:20)
    at flushSyncCallbacks (/home/hackerearth/Desktop/Expo/expo/node_modules/react-test-renderer/cjs/react-test-renderer.development.js:2597:22)
    at flushActQueue (/home/hackerearth/Desktop/Expo/expo/node_modules/react/cjs/react.development.js:2667:24)
    at Object.act (/home/hackerearth/Desktop/Expo/expo/node_modules/react/cjs/react.development.js:2521:11)
    at act (/home/hackerearth/Desktop/Expo/expo/node_modules/@testing-library/react-native/src/render-act.ts:13:16)
    at renderInternal (/home/hackerearth/Desktop/Expo/expo/node_modules/@testing-library/react-native/src/render.tsx:62:33)
    at renderInternal (/home/hackerearth/Desktop/Expo/expo/node_modules/@testing-library/react-native/src/render.tsx:32:10)
    at Object.&lt;anonymous&gt; (/home/hackerearth/Desktop/Expo/expo/main.test.js:181:70)
    at Generator.next (&lt;anonymous&gt;)
    at asyncGeneratorStep (/home/hackerearth/Desktop/Expo/expo/node_modules/@babel/runtime/helpers/asyncToGenerator.js:3:24)
    at _next (/home/hackerearth/Desktop/Expo/expo/node_modules/@babel/runtime/helpers/asyncToGenerator.js:22:9)
    at /home/hackerearth/Desktop/Expo/expo/node_modules/@babel/runtime/helpers/asyncToGenerator.js:27:7
    at new Promise (&lt;anonymous&gt;)
    at Object.&lt;anonymous&gt; (/home/hackerearth/Desktop/Expo/expo/node_modules/@babel/runtime/helpers/asyncToGenerator.js:19:12)
    at Promise.then.completed (/home/hackerearth/Desktop/Expo/expo/node_modules/jest-circus/build/utils.js:298:28)
    at new Promise (&lt;anonymous&gt;)
    at callAsyncCircusFn (/home/hackerearth/Desktop/Expo/expo/node_modules/jest-circus/build/utils.js:231:10)
    at _callCircusTest (/home/hackerearth/Desktop/Expo/expo/node_modules/jest-circus/build/run.js:316:40)
    at _runTest (/home/hackerearth/Desktop/Expo/expo/node_modules/jest-circus/build/run.js:252:3)
    at _runTestsForDescribeBlock (/home/hackerearth/Desktop/Expo/expo/node_modules/jest-circus/build/run.js:126:9)
    at _runTestsForDescribeBlock (/home/hackerearth/Desktop/Expo/expo/node_modules/jest-circus/build/run.js:121:9)
    at run (/home/hackerearth/Desktop/Expo/expo/node_modules/jest-circus/build/run.js:71:3)
    at runAndTransformResultsToJestFormat (/home/hackerearth/Desktop/Expo/expo/node_modules/jest-circus/build/legacy-code-todo-rewrite/jestAdapterInit.js:122:21)
    at jestAdapter (/home/hackerearth/Desktop/Expo/expo/node_modules/jest-circus/build/legacy-code-todo-rewrite/jestAdapter.js:79:19)
    at runTestInternal (/home/hackerearth/Desktop/Expo/expo/node_modules/jest-runner/build/runTest.js:367:16)
    at runTest (/home/hackerearth/Desktop/Expo/expo/node_modules/jest-runner/build/runTest.js:444:34)
    at Object.worker (/home/hackerearth/Desktop/Expo/expo/node_modules/jest-runner/build/testWorker.js:106:12)</failure>
    </testcase>
  </testsuite>
</testsuites>